v1.1
  * Currently set up version (client and server) is now displayed upon running scripts
  * Minor improvements to the setup script
  * Fixed source detection to prevent decompiling
  * Cleanup script only cancels when 'n' is inputted
  * Added version support for:
    - c0.0.13a_03
    - rd-161348
    - rd-160052
    - rd-132328
    - rd-132211
====================================================
v1.0:
  * Fixed reobfuscation for versions with packages
  * Modified mappings format
  * Added version configurations
  * Improved Start classes for applet-only versions
  * Betacraft proxy
  * An option for source cleanup in the cleanup script
  * Added version support for:
    - a1.0.1_01
    - a1.1.1
    - a1.1.2
    - a1.1.2_01
    - inf-20100630-1
    - inf-20100630-2
    - in-20100223
    - in-20100219
    - c0.0.12a_03
    - c0.0.14a_08
====================================================